2026-01-06 18:41:43 INFO  SubmitOrderTest:29 -
			***Staring Submit Order Test******
2026-01-06 18:41:44 INFO  SubmitOrderTest:30 -
			***On Login Page******
2026-01-06 18:41:44 INFO  SubmitOrderTest:33 -
			***On Product Catalogue Page.Adding product to cart******
2026-01-06 18:41:44 INFO  SubmitOrderTest:35 -
			***Going to My Cart Page******
2026-01-06 18:41:46 INFO  SubmitOrderTest:39 -
			***Checking out, going to payments page******
2026-01-06 18:41:46 INFO  SubmitOrderTest:42 -
			***Selecting country******
2026-01-06 18:41:46 INFO  SubmitOrderTest:45 -
			***Placing order******
2026-01-06 18:41:47 INFO  SubmitOrderTest:47 -
			***Validating Order Confirmation message******
2026-01-06 18:41:47 INFO  SubmitOrderTest:50 -
			***Submit Order Test Finished******
2026-01-06 18:41:51 INFO  SubmitOrderTest:57 -
			***Staring Order History Test******
2026-01-06 18:41:51 INFO  SubmitOrderTest:58 -
			***On Login Page******
2026-01-06 18:41:51 INFO  SubmitOrderTest:61 -
			***Going To order History Page******
2026-01-06 18:41:51 INFO  SubmitOrderTest:64 -
			***Validating Order******
2026-01-06 18:41:51 INFO  SubmitOrderTest:68 -
			***Order History Test Finished******
2026-01-06 18:41:56 INFO  AccountRegistrationTest:16 -
			********Starting Account Registration Test. Opening Registration Form**********
2026-01-06 18:41:56 INFO  AccountRegistrationTest:18 -
			********Entering Details In Registration Form**********
2026-01-06 18:41:58 INFO  AccountRegistrationTest:29 -
			********Clicking on Register**********
2026-01-06 18:41:58 INFO  AccountRegistrationTest:31 -
			********Validating Expected Message**********
2026-01-06 18:41:58 INFO  AccountRegistrationTest:35 -
			********Account Registration Test Finished*********
2026-01-12 17:59:56 INFO  SubmitOrderTest:29 -
			***Staring Submit Order Test******
2026-01-12 17:59:56 INFO  SubmitOrderTest:30 -
			***On Login Page******
2026-01-12 17:59:57 INFO  SubmitOrderTest:33 -
			***On Product Catalogue Page.Adding product to cart******
2026-01-12 18:01:24 INFO  SubmitOrderTest:29 -
			***Staring Submit Order Test******
2026-01-12 18:01:24 INFO  SubmitOrderTest:30 -
			***On Login Page******
2026-01-12 18:01:24 INFO  SubmitOrderTest:33 -
			***On Product Catalogue Page.Adding product to cart******
2026-01-12 18:02:40 INFO  SubmitOrderTest:29 -
			***Staring Submit Order Test******
2026-01-12 18:02:40 INFO  SubmitOrderTest:30 -
			***On Login Page******
2026-01-12 18:02:41 INFO  SubmitOrderTest:33 -
			***On Product Catalogue Page.Adding product to cart******
2026-01-12 18:02:41 INFO  SubmitOrderTest:35 -
			***Going to My Cart Page******
2026-01-12 18:02:43 INFO  SubmitOrderTest:39 -
			***Checking out, going to payments page******
2026-01-12 18:02:43 INFO  SubmitOrderTest:42 -
			***Selecting country******
2026-01-12 18:02:44 INFO  SubmitOrderTest:45 -
			***Placing order******
2026-01-12 18:02:44 INFO  SubmitOrderTest:47 -
			***Validating Order Confirmation message******
2026-01-12 18:02:44 INFO  SubmitOrderTest:50 -
			***Submit Order Test Finished******
2026-01-12 18:02:47 INFO  SubmitOrderTest:57 -
			***Staring Order History Test******
2026-01-12 18:02:47 INFO  SubmitOrderTest:58 -
			***On Login Page******
2026-01-12 18:02:47 INFO  SubmitOrderTest:61 -
			***Going To order History Page******
2026-01-12 18:02:48 INFO  SubmitOrderTest:64 -
			***Validating Order******
2026-01-12 18:02:48 INFO  SubmitOrderTest:68 -
			***Order History Test Finished******
2026-01-12 18:03:29 INFO  SubmitOrderTest:29 -
			***Staring Submit Order Test******
2026-01-12 18:03:29 INFO  SubmitOrderTest:30 -
			***On Login Page******
2026-01-12 18:03:29 INFO  SubmitOrderTest:33 -
			***On Product Catalogue Page.Adding product to cart******
2026-01-12 18:15:33 INFO  SubmitOrderTest:29 -
			***Staring Submit Order Test******
2026-01-12 18:15:33 INFO  SubmitOrderTest:30 -
			***On Login Page******
2026-01-12 18:15:33 INFO  SubmitOrderTest:33 -
			***On Product Catalogue Page.Adding product to cart******
2026-01-12 18:15:45 INFO  SubmitOrderTest:35 -
			***Going to My Cart Page******
2026-01-12 18:17:10 INFO  SubmitOrderTest:29 -
			***Staring Submit Order Test******
2026-01-12 18:17:10 INFO  SubmitOrderTest:30 -
			***On Login Page******
2026-01-12 18:17:10 INFO  SubmitOrderTest:33 -
			***On Product Catalogue Page.Adding product to cart******
2026-01-12 18:17:22 INFO  SubmitOrderTest:35 -
			***Going to My Cart Page******
2026-01-12 18:19:24 INFO  SubmitOrderTest:29 -
			***Staring Submit Order Test******
2026-01-12 18:19:24 INFO  SubmitOrderTest:30 -
			***On Login Page******
2026-01-12 18:19:24 INFO  SubmitOrderTest:33 -
			***On Product Catalogue Page.Adding product to cart******
2026-01-12 18:19:36 INFO  SubmitOrderTest:35 -
			***Going to My Cart Page******
2026-01-12 18:19:38 INFO  SubmitOrderTest:39 -
			***Checking out, going to payments page******
2026-01-12 18:19:38 INFO  SubmitOrderTest:42 -
			***Selecting country******
2026-01-12 18:19:38 INFO  SubmitOrderTest:45 -
			***Placing order******
2026-01-12 18:19:38 INFO  SubmitOrderTest:47 -
			***Validating Order Confirmation message******
2026-01-12 18:19:39 INFO  SubmitOrderTest:50 -
			***Submit Order Test Finished******
2026-01-12 18:19:42 INFO  SubmitOrderTest:57 -
			***Staring Order History Test******
2026-01-12 18:19:42 INFO  SubmitOrderTest:58 -
			***On Login Page******
2026-01-12 18:19:42 INFO  SubmitOrderTest:61 -
			***Going To order History Page******
2026-01-12 18:19:43 INFO  SubmitOrderTest:64 -
			***Validating Order******
2026-01-12 18:19:43 INFO  SubmitOrderTest:68 -
			***Order History Test Finished******
2026-01-12 18:23:34 INFO  SubmitOrderTest:29 -
			***Staring Submit Order Test******
2026-01-12 18:23:34 INFO  SubmitOrderTest:30 -
			***On Login Page******
2026-01-12 18:23:35 INFO  SubmitOrderTest:33 -
			***On Product Catalogue Page.Adding product to cart******
2026-01-12 18:23:47 INFO  SubmitOrderTest:35 -
			***Going to My Cart Page******
2026-01-12 18:23:48 INFO  SubmitOrderTest:39 -
			***Checking out, going to payments page******
2026-01-12 18:23:48 INFO  SubmitOrderTest:42 -
			***Selecting country******
2026-01-12 18:23:49 INFO  SubmitOrderTest:45 -
			***Placing order******
2026-01-12 18:23:49 INFO  SubmitOrderTest:47 -
			***Validating Order Confirmation message******
2026-01-12 18:23:49 INFO  SubmitOrderTest:50 -
			***Submit Order Test Finished******
2026-01-12 18:23:51 INFO  SubmitOrderTest:57 -
			***Staring Order History Test******
2026-01-12 18:23:51 INFO  SubmitOrderTest:58 -
			***On Login Page******
2026-01-12 18:30:38 INFO  SubmitOrderTest:29 -
			***Staring Submit Order Test******
2026-01-12 18:30:38 INFO  SubmitOrderTest:30 -
			***On Login Page******
2026-01-12 18:30:38 INFO  SubmitOrderTest:33 -
			***On Product Catalogue Page.Adding product to cart******
2026-01-12 18:30:50 INFO  SubmitOrderTest:35 -
			***Going to My Cart Page******
2026-01-12 18:30:52 INFO  SubmitOrderTest:39 -
			***Checking out, going to payments page******
2026-01-12 18:30:52 INFO  SubmitOrderTest:42 -
			***Selecting country******
2026-01-12 18:30:52 INFO  SubmitOrderTest:45 -
			***Placing order******
2026-01-12 18:30:52 INFO  SubmitOrderTest:47 -
			***Validating Order Confirmation message******
2026-01-12 18:30:52 INFO  SubmitOrderTest:50 -
			***Submit Order Test Finished******
2026-01-12 18:30:55 INFO  SubmitOrderTest:57 -
			***Staring Order History Test******
2026-01-12 18:30:55 INFO  SubmitOrderTest:58 -
			***On Login Page******
2026-01-12 18:30:56 INFO  SubmitOrderTest:61 -
			***Going To order History Page******
2026-01-12 18:30:56 INFO  SubmitOrderTest:64 -
			***Validating Order******
2026-01-12 18:30:56 INFO  SubmitOrderTest:68 -
			***Order History Test Finished******
